#
# There is insufficient memory for the Java Runtime Environment to continue.
# Native memory allocation (mmap) failed to map 266338304 bytes. Error detail: G1 virtual space
# Possible reasons:
#   The system is out of physical RAM or swap space
#   This process is running with CompressedOops enabled, and the Java Heap may be blocking the growth of the native heap
# Possible solutions:
#   Reduce memory load on the system
#   Increase physical memory or swap space
#   Check if swap backing store is full
#   Decrease Java heap size (-Xmx/-Xms)
#   Decrease number of Java threads
#   Decrease Java thread stack sizes (-Xss)
#   Set larger code cache with -XX:ReservedCodeCacheSize=
#   JVM is running with Zero Based Compressed Oops mode in which the Java heap is
#     placed in the first 32GB address space. The Java Heap base address is the
#     maximum limit for the native heap growth. Please use -XX:HeapBaseMinAddress
#     to set the Java Heap base and to place the Java Heap above 32GB virtual address.
# This output file may be truncated or incomplete.
#
#  Out of Memory Error (os_windows.cpp:3678), pid=7004, tid=27160
#
# JRE version:  (17.0.12+7) (build )
# Java VM: OpenJDK 64-Bit Server VM (17.0.12+7-LTS, mixed mode, sharing, tiered, compressed oops, compressed class ptrs, g1 gc, windows-amd64)
# No core dump will be written. Minidumps are not enabled by default on client versions of Windows
#

---------------  S U M M A R Y ------------

Command Line: -Dclassworlds.conf=C:\ProgramData\chocolatey\lib\maven\apache-maven-3.9.9\bin\m2.conf -Dmaven.home=C:\ProgramData\chocolatey\lib\maven\apache-maven-3.9.9 -Dlibrary.jansi.path=C:\ProgramData\chocolatey\lib\maven\apache-maven-3.9.9\lib\jansi-native -Dmaven.multiModuleProjectDirectory=D:\BE\Nhom08_SoftwareArchitecture_BE\cart-service org.codehaus.plexus.classworlds.launcher.Launcher spring-boot:run

Host: 11th Gen Intel(R) Core(TM) i5-11400H @ 2.70GHz, 12 cores, 15G,  Windows 11 , 64 bit Build 26100 (10.0.26100.3775)
Time: Sat Apr 12 03:20:41 2025 SE Asia Standard Time elapsed time: 0.010332 seconds (0d 0h 0m 0s)

---------------  T H R E A D  ---------------

Current thread (0x000002075e819020):  JavaThread "Unknown thread" [_thread_in_vm, id=27160, stack(0x0000003534600000,0x0000003534700000)]

Stack: [0x0000003534600000,0x0000003534700000]
Native frames: (J=compiled Java code, j=interpreted, Vv=VM code, C=native code)
V  [jvm.dll+0x686d99]
V  [jvm.dll+0x83daf8]
V  [jvm.dll+0x83f5a3]
V  [jvm.dll+0x83fc13]
V  [jvm.dll+0x2492ef]
V  [jvm.dll+0x683dd9]
V  [jvm.dll+0x6782fa]
V  [jvm.dll+0x30a797]
V  [jvm.dll+0x311d06]
V  [jvm.dll+0x36252e]
V  [jvm.dll+0x36276d]
V  [jvm.dll+0x2e1a9c]
V  [jvm.dll+0x2e29b4]
V  [jvm.dll+0x80faab]
V  [jvm.dll+0x370241]
V  [jvm.dll+0x7ee6bf]
V  [jvm.dll+0x3f6ccf]
V  [jvm.dll+0x3f87f1]
C  [jli.dll+0x5284]
C  [ucrtbase.dll+0x37b0]
C  [KERNEL32.DLL+0x2e8d7]
C  [ntdll.dll+0xb14fc]


---------------  P R O C E S S  ---------------

Threads class SMR info:
_java_thread_list=0x00007ffd5fa8cf98, length=0, elements={
}

Java Threads: ( => current thread )

Other Threads:
  0x000002075e887970 GCTaskThread "GC Thread#0" [stack: 0x0000003534700000,0x0000003534800000] [id=25376]
  0x000002075e8991e0 ConcurrentGCThread "G1 Main Marker" [stack: 0x0000003534800000,0x0000003534900000] [id=9680]
  0x000002075e89bac0 ConcurrentGCThread "G1 Conc#0" [stack: 0x0000003534900000,0x0000003534a00000] [id=22280]

[error occurred during error reporting (printing all threads), id 0xc0000005, EXCEPTION_ACCESS_VIOLATION (0xc0000005) at pc=0x00007ffd5f2425b7]

VM state: not at safepoint (not fully initialized)

VM Mutex/Monitor currently owned by a thread:  ([mutex/lock_event])
[0x000002075e816f50] Heap_lock - owner thread: 0x000002075e819020

Heap address: 0x0000000703a00000, size: 4038 MB, Compressed Oops mode: Zero based, Oop shift amount: 3

CDS archive(s) mapped at: [0x0000000000000000-0x0000000000000000-0x0000000000000000), size 0, SharedBaseAddress: 0x0000000800000000, ArchiveRelocationMode: 1.
Narrow klass base: 0x0000000000000000, Narrow klass shift: 0, Narrow klass range: 0x0

GC Precious Log:
<Empty>

Heap:
 garbage-first heap   total 0K, used 0K [0x0000000703a00000, 0x0000000800000000)
  region size 2048K, 0 young (0K), 0 survivors (0K)

[error occurred during error reporting (printing heap information), id 0xc0000005, EXCEPTION_ACCESS_VIOLATION (0xc0000005) at pc=0x00007ffd5f630a39]

GC Heap History (0 events):
No events

Dll operation events (1 events):
Event: 0.005 Loaded shared library C:\Program Files\Microsoft\jdk-17.0.12.7-hotspot\bin\java.dll

Deoptimization events (0 events):
No events

Classes loaded (0 events):
No events

Classes unloaded (0 events):
No events

Classes redefined (0 events):
No events

Internal exceptions (0 events):
No events

VM Operations (0 events):
No events

Events (0 events):
No events


Dynamic libraries:
0x00007ff62f610000 - 0x00007ff62f61e000 	C:\Program Files\Microsoft\jdk-17.0.12.7-hotspot\bin\java.exe
0x00007ffe15420000 - 0x00007ffe15680000 	C:\WINDOWS\SYSTEM32\ntdll.dll
0x00007ffe136e0000 - 0x00007ffe137a7000 	C:\WINDOWS\System32\KERNEL32.DLL
0x00007ffe12cd0000 - 0x00007ffe1309a000 	C:\WINDOWS\System32\KERNELBASE.dll
0x00007ffe12600000 - 0x00007ffe1274b000 	C:\WINDOWS\System32\ucrtbase.dll
0x00007ffddf3e0000 - 0x00007ffddf3f7000 	C:\Program Files\Microsoft\jdk-17.0.12.7-hotspot\bin\jli.dll
0x00007ffddf510000 - 0x00007ffddf52d000 	C:\Program Files\Microsoft\jdk-17.0.12.7-hotspot\bin\VCRUNTIME140.dll
0x00007ffe14230000 - 0x00007ffe143fc000 	C:\WINDOWS\System32\USER32.dll
0x00007ffdfcb30000 - 0x00007ffdfcdc7000 	C:\WINDOWS\WinSxS\amd64_microsoft.windows.common-controls_6595b64144ccf1df_6.0.26100.3624_none_3e086962e3345f24\COMCTL32.dll
0x00007ffe130a0000 - 0x00007ffe130c7000 	C:\WINDOWS\System32\win32u.dll
0x00007ffe13ed0000 - 0x00007ffe13efa000 	C:\WINDOWS\System32\GDI32.dll
0x00007ffe15090000 - 0x00007ffe15139000 	C:\WINDOWS\System32\msvcrt.dll
0x00007ffe12750000 - 0x00007ffe12881000 	C:\WINDOWS\System32\gdi32full.dll
0x00007ffe12b80000 - 0x00007ffe12c23000 	C:\WINDOWS\System32\msvcp_win.dll
0x00007ffe15220000 - 0x00007ffe1524f000 	C:\WINDOWS\System32\IMM32.DLL
0x00007ffdf7220000 - 0x00007ffdf722c000 	C:\Program Files\Microsoft\jdk-17.0.12.7-hotspot\bin\vcruntime140_1.dll
0x00007ffdb02e0000 - 0x00007ffdb036d000 	C:\Program Files\Microsoft\jdk-17.0.12.7-hotspot\bin\msvcp140.dll
0x00007ffd5ef50000 - 0x00007ffd5fbc0000 	C:\Program Files\Microsoft\jdk-17.0.12.7-hotspot\bin\server\jvm.dll
0x00007ffe14400000 - 0x00007ffe144b2000 	C:\WINDOWS\System32\ADVAPI32.dll
0x00007ffe13230000 - 0x00007ffe132d6000 	C:\WINDOWS\System32\sechost.dll
0x00007ffe144d0000 - 0x00007ffe145e6000 	C:\WINDOWS\System32\RPCRT4.dll
0x00007ffe141b0000 - 0x00007ffe14224000 	C:\WINDOWS\System32\WS2_32.dll
0x00007ffe11250000 - 0x00007ffe112ae000 	C:\WINDOWS\SYSTEM32\POWRPROF.dll
0x00007ffe0a9b0000 - 0x00007ffe0a9bb000 	C:\WINDOWS\SYSTEM32\VERSION.dll
0x00007ffdfcac0000 - 0x00007ffdfcaf6000 	C:\WINDOWS\SYSTEM32\WINMM.dll
0x00007ffe11230000 - 0x00007ffe11244000 	C:\WINDOWS\SYSTEM32\UMPDC.dll
0x00007ffe11530000 - 0x00007ffe1154a000 	C:\WINDOWS\SYSTEM32\kernel.appcore.dll
0x00007ffdeecf0000 - 0x00007ffdeecfa000 	C:\Program Files\Microsoft\jdk-17.0.12.7-hotspot\bin\jimage.dll
0x00007ffe0fda0000 - 0x00007ffe0ffe1000 	C:\WINDOWS\SYSTEM32\DBGHELP.DLL
0x00007ffe13350000 - 0x00007ffe136d2000 	C:\WINDOWS\System32\combase.dll
0x00007ffe15140000 - 0x00007ffe15216000 	C:\WINDOWS\System32\OLEAUT32.dll
0x00007ffdfada0000 - 0x00007ffdfadd9000 	C:\WINDOWS\SYSTEM32\dbgcore.DLL
0x00007ffe12c30000 - 0x00007ffe12cc9000 	C:\WINDOWS\System32\bcryptPrimitives.dll
0x00007ffdd29a0000 - 0x00007ffdd29c5000 	C:\Program Files\Microsoft\jdk-17.0.12.7-hotspot\bin\java.dll

dbghelp: loaded successfully - version: 4.0.5 - missing functions: none
symbol engine: initialized successfully - sym options: 0x614 - pdb path: .;C:\Program Files\Microsoft\jdk-17.0.12.7-hotspot\bin;C:\WINDOWS\SYSTEM32;C:\WINDOWS\WinSxS\amd64_microsoft.windows.common-controls_6595b64144ccf1df_6.0.26100.3624_none_3e086962e3345f24;C:\Program Files\Microsoft\jdk-17.0.12.7-hotspot\bin\server

VM Arguments:
jvm_args: -Dclassworlds.conf=C:\ProgramData\chocolatey\lib\maven\apache-maven-3.9.9\bin\m2.conf -Dmaven.home=C:\ProgramData\chocolatey\lib\maven\apache-maven-3.9.9 -Dlibrary.jansi.path=C:\ProgramData\chocolatey\lib\maven\apache-maven-3.9.9\lib\jansi-native -Dmaven.multiModuleProjectDirectory=D:\BE\Nhom08_SoftwareArchitecture_BE\cart-service 
java_command: org.codehaus.plexus.classworlds.launcher.Launcher spring-boot:run
java_class_path (initial): C:\ProgramData\chocolatey\lib\maven\apache-maven-3.9.9\boot\plexus-classworlds-2.8.0.jar
Launcher Type: SUN_STANDARD

[Global flags]
     intx CICompilerCount                          = 4                                         {product} {ergonomic}
     uint ConcGCThreads                            = 3                                         {product} {ergonomic}
     uint G1ConcRefinementThreads                  = 10                                        {product} {ergonomic}
   size_t G1HeapRegionSize                         = 2097152                                   {product} {ergonomic}
    uintx GCDrainStackTargetSize                   = 64                                        {product} {ergonomic}
   size_t InitialHeapSize                          = 266338304                                 {product} {ergonomic}
   size_t MarkStackSize                            = 4194304                                   {product} {ergonomic}
   size_t MaxHeapSize                              = 4234149888                                {product} {ergonomic}
   size_t MinHeapDeltaBytes                        = 2097152                                   {product} {ergonomic}
   size_t MinHeapSize                              = 8388608                                   {product} {ergonomic}
    uintx NonNMethodCodeHeapSize                   = 5839372                                {pd product} {ergonomic}
    uintx NonProfiledCodeHeapSize                  = 122909434                              {pd product} {ergonomic}
    uintx ProfiledCodeHeapSize                     = 122909434                              {pd product} {ergonomic}
    uintx ReservedCodeCacheSize                    = 251658240                              {pd product} {ergonomic}
     bool SegmentedCodeCache                       = true                                      {product} {ergonomic}
   size_t SoftMaxHeapSize                          = 4234149888                             {manageable} {ergonomic}
     bool UseCompressedClassPointers               = true                           {product lp64_product} {ergonomic}
     bool UseCompressedOops                        = true                           {product lp64_product} {ergonomic}
     bool UseG1GC                                  = true                                      {product} {ergonomic}
     bool UseLargePagesIndividualAllocation        = false                                  {pd product} {ergonomic}

Logging:
Log output configuration:
 #0: stdout all=warning uptime,level,tags
 #1: stderr all=off uptime,level,tags

Environment Variables:
JAVA_HOME=C:\Program Files\Microsoft\jdk-17.0.12.7-hotspot
PATH=C:\Program Files\RabbitMQ Server\rabbitmq_server-4.0.8\sbin;C:\Windows\system32;C:\Windows;C:\Windows\System32\Wbem;C:\Windows\System32\WindowsPowerShell\v1.0\;C:\Windows\System32\OpenSSH\;C:\Program Files (x86)\NVIDIA Corporation\PhysX\Common;C:\Program Files\NVIDIA Corporation\NVIDIA NvDLISR;C:\WINDOWS\system32;C:\WINDOWS;C:\WINDOWS\System32\Wbem;C:\WINDOWS\System32\WindowsPowerShell\v1.0\;C:\WINDOWS\System32\OpenSSH\;C:\Program Files\Git\cmd;C:\Program Files (x86)\Windows Kits\10\Windows Performance Toolkit\;C:\ProgramData\chocolatey\bin;C:\Program Files (x86)\Microsoft SQL Server\160\Tools\Binn\;C:\Program Files\Microsoft SQL Server\160\Tools\Binn\;C:\Program Files\Microsoft SQL Server\Client SDK\ODBC\170\Tools\Binn\;C:\Program Files\Microsoft SQL Server\160\DTS\Binn\;C:\Program Files (x86)\Microsoft SQL Server\160\DTS\Binn\;C:\Program Files\Azure Data Studio\bin;C:\Program Files\MongoDB\Server\8.0\bin;C:\Program Files\MongoDB\mongosh-2.3.7-win32-x64\bin;C:\Program Files\MongoDB\mongodb-database-tools-windows-x86_64-100.10.0\bin;C:\Users\zit\AppData\Local\Programs\Microsoft VS Code\bin;C:\Program Files\nodejs\;C:\ProgramData\chocolatey\lib\maven\apache-maven-3.9.9\bin;C:\Program Files\Docker\Docker\resources\bin;C:\Program Files\Microsoft\jdk-17.0.12.7-hotspot\bin;C:\Program Files\MariaDB 11.7\bin;;C:\Users\zit\AppData\Local\Programs\Microsoft VS Code\bin;C:\Users\zit\AppData\Roaming\npm
USERNAME=zit
LANG=en_US.UTF-8
OS=Windows_NT
PROCESSOR_IDENTIFIER=Intel64 Family 6 Model 141 Stepping 1, GenuineIntel
TMP=C:\Users\zit\AppData\Local\Temp
TEMP=C:\Users\zit\AppData\Local\Temp



Periodic native trim disabled


---------------  S Y S T E M  ---------------

OS:
 Windows 11 , 64 bit Build 26100 (10.0.26100.3775)
OS uptime: 1 days 21:05 hours
Hyper-V role detected

CPU: total 12 (initial active 12) (6 cores per cpu, 2 threads per core) family 6 model 141 stepping 1 microcode 0x3c, cx8, cmov, fxsr, ht, mmx, 3dnowpref, sse, sse2, sse3, ssse3, sse4.1, sse4.2, popcnt, lzcnt, tsc, tscinvbit, avx, avx2, aes, erms, clmul, bmi1, bmi2, adx, avx512f, avx512dq, avx512cd, avx512bw, avx512vl, sha, fma, vzeroupper, avx512_vpopcntdq, avx512_vpclmulqdq, avx512_vaes, avx512_vnni, clflush, clflushopt, clwb, avx512_vbmi2, avx512_vbmi, hv
Processor Information for the first 12 processors :
  Max Mhz: 2688, Current Mhz: 2688, Mhz Limit: 2688

Memory: 4k page, system-wide physical 16147M (2231M free)
TotalPageFile size 32746M (AvailPageFile size 199M)
current process WorkingSet (physical memory assigned to process): 13M, peak: 13M
current process commit charge ("private bytes"): 64M, peak: 318M

vm_info: OpenJDK 64-Bit Server VM (17.0.12+7-LTS) for windows-amd64 JRE (17.0.12+7-LTS), built on Jul 16 2024 18:11:44 by "MicrosoftCorporation" with unknown MS VC++:1939

END.
