2025-04-14T22:54:04.488+07:00  INFO 29916 --- [auth-service] [restartedMain] b.authservice.AuthServiceApplication     : Starting AuthServiceApplication using Java 21.0.1 with PID 29916 (C:\Users\PC\Documents\HKI_Nam04\SoftwareArchitectureAndDesign\Documents\TeamWork\Nhom08_SoftwareArchitecture_BE\auth-service\target\classes started by PC in C:\Users\PC\Documents\HKI_Nam04\SoftwareArchitectureAndDesign\Documents\TeamWork\Nhom08_SoftwareArchitecture_BE\auth-service)
2025-04-14T22:54:04.495+07:00  INFO 29916 --- [auth-service] [restartedMain] b.authservice.AuthServiceApplication     : The following 1 profile is active: "dev"
2025-04-14T22:54:04.539+07:00  INFO 29916 --- [auth-service] [restartedMain] .e.DevToolsPropertyDefaultsPostProcessor : Devtools property defaults active! Set 'spring.devtools.add-properties' to 'false' to disable
2025-04-14T22:54:04.539+07:00  INFO 29916 --- [auth-service] [restartedMain] .e.DevToolsPropertyDefaultsPostProcessor : For additional web related logging consider setting the 'logging.level.web' property to 'DEBUG'
2025-04-14T22:54:05.502+07:00  INFO 29916 --- [auth-service] [restartedMain] .s.d.r.c.RepositoryConfigurationDelegate : Bootstrapping Spring Data JPA repositories in DEFAULT mode.
2025-04-14T22:54:05.651+07:00  INFO 29916 --- [auth-service] [restartedMain] .s.d.r.c.RepositoryConfigurationDelegate : Finished Spring Data repository scanning in 142 ms. Found 1 JPA repository interface.
2025-04-14T22:54:05.962+07:00  INFO 29916 --- [auth-service] [restartedMain] o.s.cloud.context.scope.GenericScope     : BeanFactory id=ec421012-f1d1-3edf-b59f-e473e886863f
2025-04-14T22:54:06.515+07:00  INFO 29916 --- [auth-service] [restartedMain] o.s.b.w.embedded.tomcat.TomcatWebServer  : Tomcat initialized with port 8002 (http)
2025-04-14T22:54:06.542+07:00  INFO 29916 --- [auth-service] [restartedMain] o.apache.catalina.core.StandardService   : Starting service [Tomcat]
2025-04-14T22:54:06.543+07:00  INFO 29916 --- [auth-service] [restartedMain] o.apache.catalina.core.StandardEngine    : Starting Servlet engine: [Apache Tomcat/10.1.34]
2025-04-14T22:54:06.650+07:00  INFO 29916 --- [auth-service] [restartedMain] o.a.c.c.C.[Tomcat].[localhost].[/]       : Initializing Spring embedded WebApplicationContext
2025-04-14T22:54:06.652+07:00  INFO 29916 --- [auth-service] [restartedMain] w.s.c.ServletWebServerApplicationContext : Root WebApplicationContext: initialization completed in 2111 ms
2025-04-14T22:54:07.709+07:00  INFO 29916 --- [auth-service] [restartedMain] o.s.o.j.p.SpringPersistenceUnitInfo      : No LoadTimeWeaver setup: ignoring JPA class transformer
2025-04-14T22:54:07.800+07:00  INFO 29916 --- [auth-service] [restartedMain] com.zaxxer.hikari.HikariDataSource       : HikariPool-1 - Starting...
2025-04-14T22:54:08.038+07:00  INFO 29916 --- [auth-service] [restartedMain] com.zaxxer.hikari.pool.HikariPool        : HikariPool-1 - Added connection org.mariadb.jdbc.Connection@66077c91
2025-04-14T22:54:08.042+07:00  INFO 29916 --- [auth-service] [restartedMain] com.zaxxer.hikari.HikariDataSource       : HikariPool-1 - Start completed.
2025-04-14T22:54:10.036+07:00  INFO 29916 --- [auth-service] [restartedMain] j.LocalContainerEntityManagerFactoryBean : Initialized JPA EntityManagerFactory for persistence unit 'default'
2025-04-14T22:54:10.463+07:00  WARN 29916 --- [auth-service] [restartedMain] o.s.aop.framework.CglibAopProxy          : Unable to proxy interface-implementing method [public final void org.springframework.web.filter.OncePerRequestFilter.doFilter(jakarta.servlet.ServletRequest,jakarta.servlet.ServletResponse,jakarta.servlet.FilterChain) throws jakarta.servlet.ServletException,java.io.IOException] because it is marked as final, consider using interface-based JDK proxies instead.
2025-04-14T22:54:10.464+07:00  WARN 29916 --- [auth-service] [restartedMain] o.s.aop.framework.CglibAopProxy          : Unable to proxy interface-implementing method [public final void org.springframework.web.filter.GenericFilterBean.init(jakarta.servlet.FilterConfig) throws jakarta.servlet.ServletException] because it is marked as final, consider using interface-based JDK proxies instead.
2025-04-14T22:54:10.650+07:00  INFO 29916 --- [auth-service] [restartedMain] eAuthenticationProviderManagerConfigurer : Global AuthenticationManager configured with AuthenticationProvider bean with name authenticationProvider
2025-04-14T22:54:10.651+07:00  WARN 29916 --- [auth-service] [restartedMain] r$InitializeUserDetailsManagerConfigurer : Global AuthenticationManager configured with an AuthenticationProvider bean. UserDetailsService beans will not be used by Spring Security for automatically configuring username/password login. Consider removing the AuthenticationProvider bean. Alternatively, consider using the UserDetailsService in a manually instantiated DaoAuthenticationProvider. If the current configuration is intentional, to turn off this warning, increase the logging level of 'org.springframework.security.config.annotation.authentication.configuration.InitializeUserDetailsBeanManagerConfigurer' to ERROR
2025-04-14T22:54:10.928+07:00  WARN 29916 --- [auth-service] [restartedMain] JpaBaseConfiguration$JpaWebConfiguration : spring.jpa.open-in-view is enabled by default. Therefore, database queries may be performed during view rendering. Explicitly configure spring.jpa.open-in-view to disable this warning
2025-04-14T22:54:11.214+07:00 DEBUG 29916 --- [auth-service] [restartedMain] s.w.s.m.m.a.RequestMappingHandlerMapping : 12 mappings in 'requestMappingHandlerMapping'
2025-04-14T22:54:11.344+07:00 DEBUG 29916 --- [auth-service] [restartedMain] o.s.w.s.handler.SimpleUrlHandlerMapping  : Patterns [/webjars/**, /**, /swagger-ui*/*swagger-initializer.js, /swagger-ui*/**] in 'resourceHandlerMapping'
2025-04-14T22:54:11.415+07:00  WARN 29916 --- [auth-service] [restartedMain] thorizationManagerRequestMatcherRegistry : One of the patterns in [api/auth/sign-up, api/auth/sign-in, api/auth/send-otp] is missing a leading slash. This is discouraged; please include the leading slash in all your request matcher patterns. In future versions of Spring Security, leaving out the leading slash will result in an exception.
2025-04-14T22:54:11.591+07:00 DEBUG 29916 --- [auth-service] [restartedMain] s.w.s.m.m.a.RequestMappingHandlerAdapter : ControllerAdvice beans: 0 @ModelAttribute, 0 @InitBinder, 1 RequestBodyAdvice, 1 ResponseBodyAdvice
2025-04-14T22:54:11.648+07:00 DEBUG 29916 --- [auth-service] [restartedMain] .m.m.a.ExceptionHandlerExceptionResolver : ControllerAdvice beans: 2 @ExceptionHandler, 1 ResponseBodyAdvice
2025-04-14T22:54:11.676+07:00 DEBUG 29916 --- [auth-service] [restartedMain] .m.m.a.ExceptionHandlerExceptionResolver : ControllerAdvice beans: 2 @ExceptionHandler, 0 ResponseBodyAdvice
2025-04-14T22:54:12.013+07:00  WARN 29916 --- [auth-service] [restartedMain] o.s.b.d.a.OptionalLiveReloadServer       : Unable to start LiveReload server
2025-04-14T22:54:13.042+07:00  INFO 29916 --- [auth-service] [restartedMain] o.s.cloud.commons.util.InetUtils         : Cannot determine local hostname
2025-04-14T22:54:14.090+07:00  INFO 29916 --- [auth-service] [restartedMain] o.s.cloud.commons.util.InetUtils         : Cannot determine local hostname
2025-04-14T22:54:14.116+07:00  INFO 29916 --- [auth-service] [restartedMain] DiscoveryClientOptionalArgsConfiguration : Eureka HTTP Client uses RestTemplate.
2025-04-14T22:54:14.224+07:00  INFO 29916 --- [auth-service] [restartedMain] o.s.c.n.eureka.InstanceInfoFactory       : Setting initial instance status as: STARTING
2025-04-14T22:54:14.251+07:00  INFO 29916 --- [auth-service] [restartedMain] com.netflix.discovery.DiscoveryClient    : Initializing Eureka in region us-east-1
2025-04-14T22:54:14.257+07:00  INFO 29916 --- [auth-service] [restartedMain] c.n.d.s.r.aws.ConfigClusterResolver      : Resolving eureka endpoints via configuration
2025-04-14T22:54:14.267+07:00  INFO 29916 --- [auth-service] [restartedMain] com.netflix.discovery.DiscoveryClient    : Disable delta property : false
2025-04-14T22:54:14.268+07:00  INFO 29916 --- [auth-service] [restartedMain] com.netflix.discovery.DiscoveryClient    : Single vip registry refresh property : null
2025-04-14T22:54:14.268+07:00  INFO 29916 --- [auth-service] [restartedMain] com.netflix.discovery.DiscoveryClient    : Force full registry fetch : false
2025-04-14T22:54:14.268+07:00  INFO 29916 --- [auth-service] [restartedMain] com.netflix.discovery.DiscoveryClient    : Application is null : false
2025-04-14T22:54:14.268+07:00  INFO 29916 --- [auth-service] [restartedMain] com.netflix.discovery.DiscoveryClient    : Registered Applications size is zero : true
2025-04-14T22:54:14.268+07:00  INFO 29916 --- [auth-service] [restartedMain] com.netflix.discovery.DiscoveryClient    : Application version is -1: true
2025-04-14T22:54:14.268+07:00  INFO 29916 --- [auth-service] [restartedMain] com.netflix.discovery.DiscoveryClient    : Getting all instance registry info from the eureka server
2025-04-14T22:54:14.480+07:00 DEBUG 29916 --- [auth-service] [restartedMain] o.s.web.client.RestTemplate              : HTTP GET http://localhost:8761/eureka/apps/
2025-04-14T22:54:14.631+07:00 DEBUG 29916 --- [auth-service] [restartedMain] o.s.web.client.RestTemplate              : Accept=[application/json, application/yaml, application/xml, text/xml, application/*+json, application/*+xml]
2025-04-14T22:54:14.703+07:00 DEBUG 29916 --- [auth-service] [restartedMain] o.s.web.client.RestTemplate              : Response 200 OK
2025-04-14T22:54:14.707+07:00 DEBUG 29916 --- [auth-service] [restartedMain] o.s.web.client.RestTemplate              : Reading to [org.springframework.cloud.netflix.eureka.http.EurekaApplications]
2025-04-14T22:54:14.749+07:00  INFO 29916 --- [auth-service] [restartedMain] com.netflix.discovery.DiscoveryClient    : The response status is 200
2025-04-14T22:54:14.751+07:00  INFO 29916 --- [auth-service] [restartedMain] com.netflix.discovery.DiscoveryClient    : Starting heartbeat executor: renew interval is: 30
2025-04-14T22:54:14.754+07:00  INFO 29916 --- [auth-service] [restartedMain] c.n.discovery.InstanceInfoReplicator     : InstanceInfoReplicator onDemand update allowed rate per min is 4
2025-04-14T22:54:14.756+07:00  INFO 29916 --- [auth-service] [restartedMain] com.netflix.discovery.DiscoveryClient    : Discovery Client initialized at timestamp 1744646054755 with initial instances count: 2
2025-04-14T22:54:14.762+07:00  INFO 29916 --- [auth-service] [restartedMain] o.s.c.n.e.s.EurekaServiceRegistry        : Registering application AUTH-SERVICE with eureka with status UP
2025-04-14T22:54:14.762+07:00  INFO 29916 --- [auth-service] [restartedMain] com.netflix.discovery.DiscoveryClient    : Saw local status change event StatusChangeEvent [timestamp=1744646054762, current=UP, previous=STARTING]
2025-04-14T22:54:14.765+07:00  INFO 29916 --- [auth-service] [DiscoveryClient-InstanceInfoReplicator-%d] com.netflix.discovery.DiscoveryClient    : DiscoveryClient_AUTH-SERVICE/localhost:auth-service:8002: registering service...
2025-04-14T22:54:14.774+07:00 DEBUG 29916 --- [auth-service] [DiscoveryClient-InstanceInfoReplicator-%d] o.s.web.client.RestTemplate              : HTTP POST http://localhost:8761/eureka/apps/AUTH-SERVICE
2025-04-14T22:54:14.777+07:00 DEBUG 29916 --- [auth-service] [DiscoveryClient-InstanceInfoReplicator-%d] o.s.web.client.RestTemplate              : Accept=[application/json, application/yaml, application/xml, text/xml, application/*+json, application/*+xml]
2025-04-14T22:54:14.787+07:00  INFO 29916 --- [auth-service] [restartedMain] o.s.b.w.embedded.tomcat.TomcatWebServer  : Tomcat started on port 8002 (http) with context path '/'
2025-04-14T22:54:14.788+07:00  INFO 29916 --- [auth-service] [restartedMain] .s.c.n.e.s.EurekaAutoServiceRegistration : Updating port to 8002
2025-04-14T22:54:14.789+07:00 DEBUG 29916 --- [auth-service] [DiscoveryClient-InstanceInfoReplicator-%d] o.s.web.client.RestTemplate              : Writing [InstanceInfo [instanceId = localhost:auth-service:8002, appName = AUTH-SERVICE, hostName = localhost, status = UP, ipAddr = 192.168.56.1, port = 8002, securePort = 443, dataCenterInfo = com.netflix.appinfo.MyDataCenterInfo@51817e27] as "application/json"
2025-04-14T22:54:14.816+07:00 DEBUG 29916 --- [auth-service] [DiscoveryClient-InstanceInfoReplicator-%d] o.s.web.client.RestTemplate              : Response 204 NO_CONTENT
2025-04-14T22:54:14.816+07:00  INFO 29916 --- [auth-service] [DiscoveryClient-InstanceInfoReplicator-%d] com.netflix.discovery.DiscoveryClient    : DiscoveryClient_AUTH-SERVICE/localhost:auth-service:8002 - registration status: 204
2025-04-14T22:54:15.799+07:00  INFO 29916 --- [auth-service] [restartedMain] o.s.cloud.commons.util.InetUtils         : Cannot determine local hostname
2025-04-14T22:54:15.807+07:00  INFO 29916 --- [auth-service] [restartedMain] b.authservice.AuthServiceApplication     : Started AuthServiceApplication in 12.806 seconds (process running for 13.689)
2025-04-14T22:54:15.811+07:00  INFO 29916 --- [auth-service] [restartedMain] b.authservice.AuthServiceApplication     : AuthService Start
2025-04-14T22:54:44.754+07:00 DEBUG 29916 --- [auth-service] [DiscoveryClient-CacheRefreshExecutor-%d] o.s.web.client.RestTemplate              : HTTP GET http://localhost:8761/eureka/apps/delta
2025-04-14T22:54:44.754+07:00 DEBUG 29916 --- [auth-service] [DiscoveryClient-CacheRefreshExecutor-%d] o.s.web.client.RestTemplate              : Accept=[application/json, application/yaml, application/xml, text/xml, application/*+json, application/*+xml]
2025-04-14T22:54:44.770+07:00 DEBUG 29916 --- [auth-service] [DiscoveryClient-HeartbeatExecutor-%d] o.s.web.client.RestTemplate              : HTTP PUT http://localhost:8761/eureka/apps/AUTH-SERVICE/localhost:auth-service:8002?status=UP&lastDirtyTimestamp=1744646054762
2025-04-14T22:54:44.772+07:00 DEBUG 29916 --- [auth-service] [DiscoveryClient-CacheRefreshExecutor-%d] o.s.web.client.RestTemplate              : Response 200 OK
2025-04-14T22:54:44.773+07:00 DEBUG 29916 --- [auth-service] [DiscoveryClient-CacheRefreshExecutor-%d] o.s.web.client.RestTemplate              : Reading to [org.springframework.cloud.netflix.eureka.http.EurekaApplications]
2025-04-14T22:54:44.774+07:00 DEBUG 29916 --- [auth-service] [DiscoveryClient-HeartbeatExecutor-%d] o.s.web.client.RestTemplate              : Accept=[application/json, application/yaml, application/xml, text/xml, application/*+json, application/*+xml]
2025-04-14T22:54:44.786+07:00 DEBUG 29916 --- [auth-service] [DiscoveryClient-HeartbeatExecutor-%d] o.s.web.client.RestTemplate              : Response 200 OK
2025-04-14T22:55:14.779+07:00 DEBUG 29916 --- [auth-service] [DiscoveryClient-CacheRefreshExecutor-%d] o.s.web.client.RestTemplate              : HTTP GET http://localhost:8761/eureka/apps/delta
2025-04-14T22:55:14.780+07:00 DEBUG 29916 --- [auth-service] [DiscoveryClient-CacheRefreshExecutor-%d] o.s.web.client.RestTemplate              : Accept=[application/json, application/yaml, application/xml, text/xml, application/*+json, application/*+xml]
2025-04-14T22:55:14.795+07:00 DEBUG 29916 --- [auth-service] [DiscoveryClient-HeartbeatExecutor-%d] o.s.web.client.RestTemplate              : HTTP PUT http://localhost:8761/eureka/apps/AUTH-SERVICE/localhost:auth-service:8002?status=UP&lastDirtyTimestamp=1744646054762
2025-04-14T22:55:14.796+07:00 DEBUG 29916 --- [auth-service] [DiscoveryClient-HeartbeatExecutor-%d] o.s.web.client.RestTemplate              : Accept=[application/json, application/yaml, application/xml, text/xml, application/*+json, application/*+xml]
2025-04-14T22:55:14.798+07:00 DEBUG 29916 --- [auth-service] [DiscoveryClient-CacheRefreshExecutor-%d] o.s.web.client.RestTemplate              : Response 200 OK
2025-04-14T22:55:14.798+07:00 DEBUG 29916 --- [auth-service] [DiscoveryClient-CacheRefreshExecutor-%d] o.s.web.client.RestTemplate              : Reading to [org.springframework.cloud.netflix.eureka.http.EurekaApplications]
2025-04-14T22:55:14.813+07:00 DEBUG 29916 --- [auth-service] [DiscoveryClient-HeartbeatExecutor-%d] o.s.web.client.RestTemplate              : Response 200 OK
2025-04-14T22:55:33.355+07:00  INFO 29916 --- [auth-service] [http-nio-8002-exec-1] o.a.c.c.C.[Tomcat].[localhost].[/]       : Initializing Spring DispatcherServlet 'dispatcherServlet'
2025-04-14T22:55:33.356+07:00  INFO 29916 --- [auth-service] [http-nio-8002-exec-1] o.s.web.servlet.DispatcherServlet        : Initializing Servlet 'dispatcherServlet'
2025-04-14T22:55:33.356+07:00 DEBUG 29916 --- [auth-service] [http-nio-8002-exec-1] o.s.web.servlet.DispatcherServlet        : Detected StandardServletMultipartResolver
2025-04-14T22:55:33.356+07:00 DEBUG 29916 --- [auth-service] [http-nio-8002-exec-1] o.s.web.servlet.DispatcherServlet        : Detected AcceptHeaderLocaleResolver
2025-04-14T22:55:33.356+07:00 DEBUG 29916 --- [auth-service] [http-nio-8002-exec-1] o.s.web.servlet.DispatcherServlet        : Detected FixedThemeResolver
2025-04-14T22:55:33.357+07:00 DEBUG 29916 --- [auth-service] [http-nio-8002-exec-1] o.s.web.servlet.DispatcherServlet        : Detected org.springframework.web.servlet.view.DefaultRequestToViewNameTranslator@bf1f0e1
2025-04-14T22:55:33.358+07:00 DEBUG 29916 --- [auth-service] [http-nio-8002-exec-1] o.s.web.servlet.DispatcherServlet        : Detected org.springframework.web.servlet.support.SessionFlashMapManager@7d23c4bb
2025-04-14T22:55:33.358+07:00 DEBUG 29916 --- [auth-service] [http-nio-8002-exec-1] o.s.web.servlet.DispatcherServlet        : enableLoggingRequestDetails='false': request parameters and headers will be masked to prevent unsafe logging of potentially sensitive data
2025-04-14T22:55:33.358+07:00  INFO 29916 --- [auth-service] [http-nio-8002-exec-1] o.s.web.servlet.DispatcherServlet        : Completed initialization in 2 ms
2025-04-14T22:55:33.382+07:00 DEBUG 29916 --- [auth-service] [http-nio-8002-exec-1] o.s.web.servlet.DispatcherServlet        : POST "/api/auth/sign-up", parameters={}
2025-04-14T22:55:33.383+07:00 DEBUG 29916 --- [auth-service] [http-nio-8002-exec-1] s.w.s.m.m.a.RequestMappingHandlerMapping : Mapped to bookstore.authservice.controllers.AuthController#signUp(SignUpRequest, BindingResult)
2025-04-14T22:55:33.404+07:00 DEBUG 29916 --- [auth-service] [http-nio-8002-exec-1] m.m.a.RequestResponseBodyMethodProcessor : Read "application/json;charset=UTF-8" to [SignUpRequest(password=, phoneNumber=0936190643, otp=, role=USER)]
2025-04-14T22:55:33.446+07:00 DEBUG 29916 --- [auth-service] [http-nio-8002-exec-1] o.s.w.s.m.m.a.HttpEntityMethodProcessor  : Using 'application/json', given [*/*] and supported [application/json, application/*+json, application/yaml, application/xml;charset=UTF-8, text/xml;charset=UTF-8, application/*+xml;charset=UTF-8]
2025-04-14T22:55:33.446+07:00 DEBUG 29916 --- [auth-service] [http-nio-8002-exec-1] o.s.w.s.m.m.a.HttpEntityMethodProcessor  : Writing [{status=400, errors={password=Password must have at least 8 characters!, otp=Mã xác thực là bắt buộc (truncated)...]
2025-04-14T22:55:33.452+07:00 DEBUG 29916 --- [auth-service] [http-nio-8002-exec-1] o.s.web.servlet.DispatcherServlet        : Completed 400 BAD_REQUEST
2025-04-14T22:55:44.809+07:00 DEBUG 29916 --- [auth-service] [DiscoveryClient-CacheRefreshExecutor-%d] o.s.web.client.RestTemplate              : HTTP GET http://localhost:8761/eureka/apps/delta
2025-04-14T22:55:44.810+07:00 DEBUG 29916 --- [auth-service] [DiscoveryClient-CacheRefreshExecutor-%d] o.s.web.client.RestTemplate              : Accept=[application/json, application/yaml, application/xml, text/xml, application/*+json, application/*+xml]
2025-04-14T22:55:44.825+07:00 DEBUG 29916 --- [auth-service] [DiscoveryClient-HeartbeatExecutor-%d] o.s.web.client.RestTemplate              : HTTP PUT http://localhost:8761/eureka/apps/AUTH-SERVICE/localhost:auth-service:8002?status=UP&lastDirtyTimestamp=1744646054762
2025-04-14T22:55:44.825+07:00 DEBUG 29916 --- [auth-service] [DiscoveryClient-HeartbeatExecutor-%d] o.s.web.client.RestTemplate              : Accept=[application/json, application/yaml, application/xml, text/xml, application/*+json, application/*+xml]
2025-04-14T22:55:44.827+07:00 DEBUG 29916 --- [auth-service] [DiscoveryClient-CacheRefreshExecutor-%d] o.s.web.client.RestTemplate              : Response 200 OK
2025-04-14T22:55:44.828+07:00 DEBUG 29916 --- [auth-service] [DiscoveryClient-CacheRefreshExecutor-%d] o.s.web.client.RestTemplate              : Reading to [org.springframework.cloud.netflix.eureka.http.EurekaApplications]
2025-04-14T22:55:44.844+07:00 DEBUG 29916 --- [auth-service] [DiscoveryClient-HeartbeatExecutor-%d] o.s.web.client.RestTemplate              : Response 200 OK
2025-04-14T22:55:50.703+07:00 DEBUG 29916 --- [auth-service] [http-nio-8002-exec-2] o.s.web.servlet.DispatcherServlet        : POST "/api/auth/sign-up", parameters={}
2025-04-14T22:55:50.703+07:00 DEBUG 29916 --- [auth-service] [http-nio-8002-exec-2] s.w.s.m.m.a.RequestMappingHandlerMapping : Mapped to bookstore.authservice.controllers.AuthController#signUp(SignUpRequest, BindingResult)
2025-04-14T22:55:50.704+07:00 DEBUG 29916 --- [auth-service] [http-nio-8002-exec-2] m.m.a.RequestResponseBodyMethodProcessor : Read "application/json;charset=UTF-8" to [SignUpRequest(password=Abc@123456, phoneNumber=0936190643, otp=123456, role=USER)]
2025-04-14T22:55:50.809+07:00 DEBUG 29916 --- [auth-service] [http-nio-8002-exec-2] o.s.w.s.m.m.a.HttpEntityMethodProcessor  : Using 'application/json', given [*/*] and supported [application/json, application/*+json, application/yaml, application/xml;charset=UTF-8, text/xml;charset=UTF-8, application/*+xml;charset=UTF-8]
2025-04-14T22:55:50.809+07:00 DEBUG 29916 --- [auth-service] [http-nio-8002-exec-2] o.s.w.s.m.m.a.HttpEntityMethodProcessor  : Writing [{status=400, errors={phoneNumber=Số điện thoại đã tồn tại!}}]
2025-04-14T22:55:50.811+07:00 DEBUG 29916 --- [auth-service] [http-nio-8002-exec-2] o.s.web.servlet.DispatcherServlet        : Completed 400 BAD_REQUEST
2025-04-14T22:55:54.716+07:00 DEBUG 29916 --- [auth-service] [http-nio-8002-exec-3] o.s.web.servlet.DispatcherServlet        : POST "/api/auth/sign-up", parameters={}
2025-04-14T22:55:54.716+07:00 DEBUG 29916 --- [auth-service] [http-nio-8002-exec-3] s.w.s.m.m.a.RequestMappingHandlerMapping : Mapped to bookstore.authservice.controllers.AuthController#signUp(SignUpRequest, BindingResult)
2025-04-14T22:55:54.717+07:00 DEBUG 29916 --- [auth-service] [http-nio-8002-exec-3] m.m.a.RequestResponseBodyMethodProcessor : Read "application/json;charset=UTF-8" to [SignUpRequest(password=Abc@123456, phoneNumber=0936190645, otp=123456, role=USER)]
2025-04-14T22:55:54.840+07:00 DEBUG 29916 --- [auth-service] [http-nio-8002-exec-3] o.s.web.client.RestTemplate              : HTTP POST http://localhost:8080/api/user/save
2025-04-14T22:55:54.840+07:00 DEBUG 29916 --- [auth-service] [http-nio-8002-exec-3] o.s.web.client.RestTemplate              : Accept=[application/xml, text/xml, application/json, application/yaml, application/*+xml, application/*+json]
2025-04-14T22:55:54.841+07:00 DEBUG 29916 --- [auth-service] [http-nio-8002-exec-3] o.s.web.client.RestTemplate              : Writing [{phoneNumber=0936190645, enabled=true}] as "application/json"
2025-04-14T22:55:55.193+07:00 DEBUG 29916 --- [auth-service] [http-nio-8002-exec-3] o.s.web.client.RestTemplate              : Response 201 CREATED
2025-04-14T22:55:55.194+07:00 DEBUG 29916 --- [auth-service] [http-nio-8002-exec-3] o.s.web.client.RestTemplate              : Reading to [java.util.Map<?, ?>]
2025-04-14T22:55:55.197+07:00 DEBUG 29916 --- [auth-service] [http-nio-8002-exec-3] o.s.w.s.m.m.a.HttpEntityMethodProcessor  : Using 'application/json', given [*/*] and supported [application/json, application/*+json, application/yaml, application/xml;charset=UTF-8, text/xml;charset=UTF-8, application/*+xml;charset=UTF-8]
2025-04-14T22:55:55.197+07:00 DEBUG 29916 --- [auth-service] [http-nio-8002-exec-3] o.s.w.s.m.m.a.HttpEntityMethodProcessor  : Writing [{status=201, message=Account created successfully!, data=bookstore.authservice.entities.Account@6c10 (truncated)...]
2025-04-14T22:55:55.199+07:00 DEBUG 29916 --- [auth-service] [http-nio-8002-exec-3] o.s.web.servlet.DispatcherServlet        : Completed 201 CREATED
2025-04-14T22:56:14.844+07:00 DEBUG 29916 --- [auth-service] [DiscoveryClient-CacheRefreshExecutor-%d] o.s.web.client.RestTemplate              : HTTP GET http://localhost:8761/eureka/apps/delta
2025-04-14T22:56:14.845+07:00 DEBUG 29916 --- [auth-service] [DiscoveryClient-CacheRefreshExecutor-%d] o.s.web.client.RestTemplate              : Accept=[application/json, application/yaml, application/xml, text/xml, application/*+json, application/*+xml]
2025-04-14T22:56:14.860+07:00 DEBUG 29916 --- [auth-service] [DiscoveryClient-HeartbeatExecutor-%d] o.s.web.client.RestTemplate              : HTTP PUT http://localhost:8761/eureka/apps/AUTH-SERVICE/localhost:auth-service:8002?status=UP&lastDirtyTimestamp=1744646054762
2025-04-14T22:56:14.860+07:00 DEBUG 29916 --- [auth-service] [DiscoveryClient-HeartbeatExecutor-%d] o.s.web.client.RestTemplate              : Accept=[application/json, application/yaml, application/xml, text/xml, application/*+json, application/*+xml]
2025-04-14T22:56:14.863+07:00 DEBUG 29916 --- [auth-service] [DiscoveryClient-CacheRefreshExecutor-%d] o.s.web.client.RestTemplate              : Response 200 OK
2025-04-14T22:56:14.863+07:00 DEBUG 29916 --- [auth-service] [DiscoveryClient-CacheRefreshExecutor-%d] o.s.web.client.RestTemplate              : Reading to [org.springframework.cloud.netflix.eureka.http.EurekaApplications]
2025-04-14T22:56:14.879+07:00 DEBUG 29916 --- [auth-service] [DiscoveryClient-HeartbeatExecutor-%d] o.s.web.client.RestTemplate              : Response 200 OK
2025-04-14T22:56:30.085+07:00 DEBUG 29916 --- [auth-service] [http-nio-8002-exec-4] o.s.web.servlet.DispatcherServlet        : POST "/api/auth/sign-in", parameters={}
2025-04-14T22:56:30.086+07:00 DEBUG 29916 --- [auth-service] [http-nio-8002-exec-4] s.w.s.m.m.a.RequestMappingHandlerMapping : Mapped to bookstore.authservice.controllers.AuthController#signInUser(SignInRequest, BindingResult)
2025-04-14T22:56:30.088+07:00 DEBUG 29916 --- [auth-service] [http-nio-8002-exec-4] m.m.a.RequestResponseBodyMethodProcessor : Read "application/json;charset=UTF-8" to [SignInRequest(password=Abc@123456, username=0936190646)]
2025-04-14T22:56:30.106+07:00 DEBUG 29916 --- [auth-service] [http-nio-8002-exec-4] o.s.w.s.m.m.a.HttpEntityMethodProcessor  : Using 'application/json', given [*/*] and supported [application/json, application/*+json, application/yaml, application/xml;charset=UTF-8, text/xml;charset=UTF-8, application/*+xml;charset=UTF-8]
2025-04-14T22:56:30.106+07:00 DEBUG 29916 --- [auth-service] [http-nio-8002-exec-4] o.s.w.s.m.m.a.HttpEntityMethodProcessor  : Writing [{success=false, status=401, errors={username=Tài khoản không tồn tại trong hệ thống.}}]
2025-04-14T22:56:30.107+07:00 DEBUG 29916 --- [auth-service] [http-nio-8002-exec-4] o.s.web.servlet.DispatcherServlet        : Completed 401 UNAUTHORIZED
2025-04-14T22:56:33.564+07:00 DEBUG 29916 --- [auth-service] [http-nio-8002-exec-5] o.s.web.servlet.DispatcherServlet        : POST "/api/auth/sign-in", parameters={}
2025-04-14T22:56:33.564+07:00 DEBUG 29916 --- [auth-service] [http-nio-8002-exec-5] s.w.s.m.m.a.RequestMappingHandlerMapping : Mapped to bookstore.authservice.controllers.AuthController#signInUser(SignInRequest, BindingResult)
2025-04-14T22:56:33.565+07:00 DEBUG 29916 --- [auth-service] [http-nio-8002-exec-5] m.m.a.RequestResponseBodyMethodProcessor : Read "application/json;charset=UTF-8" to [SignInRequest(password=Abc@123456, username=0936190645)]
2025-04-14T22:56:33.728+07:00 DEBUG 29916 --- [auth-service] [http-nio-8002-exec-5] o.s.w.s.m.m.a.HttpEntityMethodProcessor  : Using 'application/json', given [*/*] and supported [application/json, application/*+json, application/yaml, application/xml;charset=UTF-8, text/xml;charset=UTF-8, application/*+xml;charset=UTF-8]
2025-04-14T22:56:33.728+07:00 DEBUG 29916 --- [auth-service] [http-nio-8002-exec-5] o.s.w.s.m.m.a.HttpEntityMethodProcessor  : Writing [{success=true, message=Đăng nhập thành công, token=eyJhbGciOiJIUzI1NiJ9.eyJzdWIiOiIwOTM2MTkwNjQ1Iiwi (truncated)...]
2025-04-14T22:56:33.729+07:00 DEBUG 29916 --- [auth-service] [http-nio-8002-exec-5] o.s.web.servlet.DispatcherServlet        : Completed 200 OK
2025-04-14T22:56:44.874+07:00 DEBUG 29916 --- [auth-service] [DiscoveryClient-CacheRefreshExecutor-%d] o.s.web.client.RestTemplate              : HTTP GET http://localhost:8761/eureka/apps/delta
2025-04-14T22:56:44.874+07:00 DEBUG 29916 --- [auth-service] [DiscoveryClient-CacheRefreshExecutor-%d] o.s.web.client.RestTemplate              : Accept=[application/json, application/yaml, application/xml, text/xml, application/*+json, application/*+xml]
2025-04-14T22:56:44.889+07:00 DEBUG 29916 --- [auth-service] [DiscoveryClient-HeartbeatExecutor-%d] o.s.web.client.RestTemplate              : HTTP PUT http://localhost:8761/eureka/apps/AUTH-SERVICE/localhost:auth-service:8002?status=UP&lastDirtyTimestamp=1744646054762
2025-04-14T22:56:44.890+07:00 DEBUG 29916 --- [auth-service] [DiscoveryClient-HeartbeatExecutor-%d] o.s.web.client.RestTemplate              : Accept=[application/json, application/yaml, application/xml, text/xml, application/*+json, application/*+xml]
2025-04-14T22:56:44.892+07:00 DEBUG 29916 --- [auth-service] [DiscoveryClient-CacheRefreshExecutor-%d] o.s.web.client.RestTemplate              : Response 200 OK
2025-04-14T22:56:44.893+07:00 DEBUG 29916 --- [auth-service] [DiscoveryClient-CacheRefreshExecutor-%d] o.s.web.client.RestTemplate              : Reading to [org.springframework.cloud.netflix.eureka.http.EurekaApplications]
2025-04-14T22:56:44.907+07:00 DEBUG 29916 --- [auth-service] [DiscoveryClient-HeartbeatExecutor-%d] o.s.web.client.RestTemplate              : Response 200 OK
2025-04-14T22:57:14.898+07:00 DEBUG 29916 --- [auth-service] [DiscoveryClient-CacheRefreshExecutor-%d] o.s.web.client.RestTemplate              : HTTP GET http://localhost:8761/eureka/apps/delta
2025-04-14T22:57:14.899+07:00 DEBUG 29916 --- [auth-service] [DiscoveryClient-CacheRefreshExecutor-%d] o.s.web.client.RestTemplate              : Accept=[application/json, application/yaml, application/xml, text/xml, application/*+json, application/*+xml]
2025-04-14T22:57:14.914+07:00 DEBUG 29916 --- [auth-service] [DiscoveryClient-HeartbeatExecutor-%d] o.s.web.client.RestTemplate              : HTTP PUT http://localhost:8761/eureka/apps/AUTH-SERVICE/localhost:auth-service:8002?status=UP&lastDirtyTimestamp=1744646054762
2025-04-14T22:57:14.915+07:00 DEBUG 29916 --- [auth-service] [DiscoveryClient-HeartbeatExecutor-%d] o.s.web.client.RestTemplate              : Accept=[application/json, application/yaml, application/xml, text/xml, application/*+json, application/*+xml]
2025-04-14T22:57:14.917+07:00 DEBUG 29916 --- [auth-service] [DiscoveryClient-CacheRefreshExecutor-%d] o.s.web.client.RestTemplate              : Response 200 OK
2025-04-14T22:57:14.917+07:00 DEBUG 29916 --- [auth-service] [DiscoveryClient-CacheRefreshExecutor-%d] o.s.web.client.RestTemplate              : Reading to [org.springframework.cloud.netflix.eureka.http.EurekaApplications]
2025-04-14T22:57:14.932+07:00 DEBUG 29916 --- [auth-service] [DiscoveryClient-HeartbeatExecutor-%d] o.s.web.client.RestTemplate              : Response 200 OK
2025-04-14T22:57:33.920+07:00 DEBUG 29916 --- [auth-service] [http-nio-8002-exec-6] o.s.web.servlet.DispatcherServlet        : POST "/api/auth/sign-in", parameters={}
2025-04-14T22:57:33.920+07:00 DEBUG 29916 --- [auth-service] [http-nio-8002-exec-6] s.w.s.m.m.a.RequestMappingHandlerMapping : Mapped to bookstore.authservice.controllers.AuthController#signInUser(SignInRequest, BindingResult)
2025-04-14T22:57:33.921+07:00 DEBUG 29916 --- [auth-service] [http-nio-8002-exec-6] m.m.a.RequestResponseBodyMethodProcessor : Read "application/json;charset=UTF-8" to [SignInRequest(password=Abc@123456, username=0936190645)]
2025-04-14T22:57:33.999+07:00 DEBUG 29916 --- [auth-service] [http-nio-8002-exec-6] o.s.w.s.m.m.a.HttpEntityMethodProcessor  : Using 'application/json', given [*/*] and supported [application/json, application/*+json, application/yaml, application/xml;charset=UTF-8, text/xml;charset=UTF-8, application/*+xml;charset=UTF-8]
2025-04-14T22:57:33.999+07:00 DEBUG 29916 --- [auth-service] [http-nio-8002-exec-6] o.s.w.s.m.m.a.HttpEntityMethodProcessor  : Writing [{success=true, message=Đăng nhập thành công, token=eyJhbGciOiJIUzI1NiJ9.eyJzdWIiOiIwOTM2MTkwNjQ1Iiwi (truncated)...]
2025-04-14T22:57:34.000+07:00 DEBUG 29916 --- [auth-service] [http-nio-8002-exec-6] o.s.web.servlet.DispatcherServlet        : Completed 200 OK
2025-04-14T22:57:44.920+07:00 DEBUG 29916 --- [auth-service] [DiscoveryClient-CacheRefreshExecutor-%d] o.s.web.client.RestTemplate              : HTTP GET http://localhost:8761/eureka/apps/delta
2025-04-14T22:57:44.920+07:00 DEBUG 29916 --- [auth-service] [DiscoveryClient-CacheRefreshExecutor-%d] o.s.web.client.RestTemplate              : Accept=[application/json, application/yaml, application/xml, text/xml, application/*+json, application/*+xml]
2025-04-14T22:57:44.935+07:00 DEBUG 29916 --- [auth-service] [DiscoveryClient-HeartbeatExecutor-%d] o.s.web.client.RestTemplate              : HTTP PUT http://localhost:8761/eureka/apps/AUTH-SERVICE/localhost:auth-service:8002?status=UP&lastDirtyTimestamp=1744646054762
2025-04-14T22:57:44.935+07:00 DEBUG 29916 --- [auth-service] [DiscoveryClient-HeartbeatExecutor-%d] o.s.web.client.RestTemplate              : Accept=[application/json, application/yaml, application/xml, text/xml, application/*+json, application/*+xml]
2025-04-14T22:57:44.937+07:00 DEBUG 29916 --- [auth-service] [DiscoveryClient-CacheRefreshExecutor-%d] o.s.web.client.RestTemplate              : Response 200 OK
2025-04-14T22:57:44.938+07:00 DEBUG 29916 --- [auth-service] [DiscoveryClient-CacheRefreshExecutor-%d] o.s.web.client.RestTemplate              : Reading to [org.springframework.cloud.netflix.eureka.http.EurekaApplications]
2025-04-14T22:57:44.952+07:00 DEBUG 29916 --- [auth-service] [DiscoveryClient-HeartbeatExecutor-%d] o.s.web.client.RestTemplate              : Response 200 OK
2025-04-14T22:57:45.929+07:00 DEBUG 29916 --- [auth-service] [http-nio-8002-exec-7] o.s.web.servlet.DispatcherServlet        : POST "/api/auth/sign-in", parameters={}
2025-04-14T22:57:45.929+07:00 DEBUG 29916 --- [auth-service] [http-nio-8002-exec-7] s.w.s.m.m.a.RequestMappingHandlerMapping : Mapped to bookstore.authservice.controllers.AuthController#signInUser(SignInRequest, BindingResult)
2025-04-14T22:57:45.930+07:00 DEBUG 29916 --- [auth-service] [http-nio-8002-exec-7] m.m.a.RequestResponseBodyMethodProcessor : Read "application/json;charset=UTF-8" to [SignInRequest(password=dfsdf, username=0936190646)]
2025-04-14T22:57:45.934+07:00 DEBUG 29916 --- [auth-service] [http-nio-8002-exec-7] o.s.w.s.m.m.a.HttpEntityMethodProcessor  : Using 'application/json', given [*/*] and supported [application/json, application/*+json, application/yaml, application/xml;charset=UTF-8, text/xml;charset=UTF-8, application/*+xml;charset=UTF-8]
2025-04-14T22:57:45.934+07:00 DEBUG 29916 --- [auth-service] [http-nio-8002-exec-7] o.s.w.s.m.m.a.HttpEntityMethodProcessor  : Writing [{success=false, status=401, errors={username=Tài khoản không tồn tại trong hệ thống.}}]
2025-04-14T22:57:45.935+07:00 DEBUG 29916 --- [auth-service] [http-nio-8002-exec-7] o.s.web.servlet.DispatcherServlet        : Completed 401 UNAUTHORIZED
2025-04-14T22:58:14.950+07:00 DEBUG 29916 --- [auth-service] [DiscoveryClient-CacheRefreshExecutor-%d] o.s.web.client.RestTemplate              : HTTP GET http://localhost:8761/eureka/apps/delta
2025-04-14T22:58:14.950+07:00 DEBUG 29916 --- [auth-service] [DiscoveryClient-CacheRefreshExecutor-%d] o.s.web.client.RestTemplate              : Accept=[application/json, application/yaml, application/xml, text/xml, application/*+json, application/*+xml]
2025-04-14T22:58:14.966+07:00 DEBUG 29916 --- [auth-service] [DiscoveryClient-HeartbeatExecutor-%d] o.s.web.client.RestTemplate              : HTTP PUT http://localhost:8761/eureka/apps/AUTH-SERVICE/localhost:auth-service:8002?status=UP&lastDirtyTimestamp=1744646054762
2025-04-14T22:58:14.966+07:00 DEBUG 29916 --- [auth-service] [DiscoveryClient-HeartbeatExecutor-%d] o.s.web.client.RestTemplate              : Accept=[application/json, application/yaml, application/xml, text/xml, application/*+json, application/*+xml]
2025-04-14T22:58:14.969+07:00 DEBUG 29916 --- [auth-service] [DiscoveryClient-CacheRefreshExecutor-%d] o.s.web.client.RestTemplate              : Response 200 OK
2025-04-14T22:58:14.969+07:00 DEBUG 29916 --- [auth-service] [DiscoveryClient-CacheRefreshExecutor-%d] o.s.web.client.RestTemplate              : Reading to [org.springframework.cloud.netflix.eureka.http.EurekaApplications]
2025-04-14T22:58:14.983+07:00 DEBUG 29916 --- [auth-service] [DiscoveryClient-HeartbeatExecutor-%d] o.s.web.client.RestTemplate              : Response 200 OK
2025-04-14T22:58:44.977+07:00 DEBUG 29916 --- [auth-service] [DiscoveryClient-CacheRefreshExecutor-%d] o.s.web.client.RestTemplate              : HTTP GET http://localhost:8761/eureka/apps/delta
2025-04-14T22:58:44.978+07:00 DEBUG 29916 --- [auth-service] [DiscoveryClient-CacheRefreshExecutor-%d] o.s.web.client.RestTemplate              : Accept=[application/json, application/yaml, application/xml, text/xml, application/*+json, application/*+xml]
2025-04-14T22:58:44.993+07:00 DEBUG 29916 --- [auth-service] [DiscoveryClient-HeartbeatExecutor-%d] o.s.web.client.RestTemplate              : HTTP PUT http://localhost:8761/eureka/apps/AUTH-SERVICE/localhost:auth-service:8002?status=UP&lastDirtyTimestamp=1744646054762
2025-04-14T22:58:44.994+07:00 DEBUG 29916 --- [auth-service] [DiscoveryClient-HeartbeatExecutor-%d] o.s.web.client.RestTemplate              : Accept=[application/json, application/yaml, application/xml, text/xml, application/*+json, application/*+xml]
2025-04-14T22:58:44.998+07:00 DEBUG 29916 --- [auth-service] [DiscoveryClient-CacheRefreshExecutor-%d] o.s.web.client.RestTemplate              : Response 200 OK
2025-04-14T22:58:44.999+07:00 DEBUG 29916 --- [auth-service] [DiscoveryClient-CacheRefreshExecutor-%d] o.s.web.client.RestTemplate              : Reading to [org.springframework.cloud.netflix.eureka.http.EurekaApplications]
2025-04-14T22:58:45.012+07:00 DEBUG 29916 --- [auth-service] [DiscoveryClient-HeartbeatExecutor-%d] o.s.web.client.RestTemplate              : Response 200 OK
2025-04-14T22:59:14.271+07:00  INFO 29916 --- [auth-service] [AsyncResolver-bootstrap-executor-%d] c.n.d.s.r.aws.ConfigClusterResolver      : Resolving eureka endpoints via configuration
2025-04-14T22:59:15.000+07:00 DEBUG 29916 --- [auth-service] [DiscoveryClient-CacheRefreshExecutor-%d] o.s.web.client.RestTemplate              : HTTP GET http://localhost:8761/eureka/apps/delta
2025-04-14T22:59:15.001+07:00 DEBUG 29916 --- [auth-service] [DiscoveryClient-CacheRefreshExecutor-%d] o.s.web.client.RestTemplate              : Accept=[application/json, application/yaml, application/xml, text/xml, application/*+json, application/*+xml]
2025-04-14T22:59:15.015+07:00 DEBUG 29916 --- [auth-service] [DiscoveryClient-HeartbeatExecutor-%d] o.s.web.client.RestTemplate              : HTTP PUT http://localhost:8761/eureka/apps/AUTH-SERVICE/localhost:auth-service:8002?status=UP&lastDirtyTimestamp=1744646054762
2025-04-14T22:59:15.016+07:00 DEBUG 29916 --- [auth-service] [DiscoveryClient-HeartbeatExecutor-%d] o.s.web.client.RestTemplate              : Accept=[application/json, application/yaml, application/xml, text/xml, application/*+json, application/*+xml]
2025-04-14T22:59:15.020+07:00 DEBUG 29916 --- [auth-service] [DiscoveryClient-CacheRefreshExecutor-%d] o.s.web.client.RestTemplate              : Response 200 OK
2025-04-14T22:59:15.021+07:00 DEBUG 29916 --- [auth-service] [DiscoveryClient-CacheRefreshExecutor-%d] o.s.web.client.RestTemplate              : Reading to [org.springframework.cloud.netflix.eureka.http.EurekaApplications]
2025-04-14T22:59:15.035+07:00 DEBUG 29916 --- [auth-service] [DiscoveryClient-HeartbeatExecutor-%d] o.s.web.client.RestTemplate              : Response 200 OK
2025-04-14T22:59:45.025+07:00 DEBUG 29916 --- [auth-service] [DiscoveryClient-CacheRefreshExecutor-%d] o.s.web.client.RestTemplate              : HTTP GET http://localhost:8761/eureka/apps/delta
2025-04-14T22:59:45.025+07:00 DEBUG 29916 --- [auth-service] [DiscoveryClient-CacheRefreshExecutor-%d] o.s.web.client.RestTemplate              : Accept=[application/json, application/yaml, application/xml, text/xml, application/*+json, application/*+xml]
2025-04-14T22:59:45.041+07:00 DEBUG 29916 --- [auth-service] [DiscoveryClient-HeartbeatExecutor-%d] o.s.web.client.RestTemplate              : HTTP PUT http://localhost:8761/eureka/apps/AUTH-SERVICE/localhost:auth-service:8002?status=UP&lastDirtyTimestamp=1744646054762
2025-04-14T22:59:45.042+07:00 DEBUG 29916 --- [auth-service] [DiscoveryClient-HeartbeatExecutor-%d] o.s.web.client.RestTemplate              : Accept=[application/json, application/yaml, application/xml, text/xml, application/*+json, application/*+xml]
2025-04-14T22:59:45.044+07:00 DEBUG 29916 --- [auth-service] [DiscoveryClient-CacheRefreshExecutor-%d] o.s.web.client.RestTemplate              : Response 200 OK
2025-04-14T22:59:45.045+07:00 DEBUG 29916 --- [auth-service] [DiscoveryClient-CacheRefreshExecutor-%d] o.s.web.client.RestTemplate              : Reading to [org.springframework.cloud.netflix.eureka.http.EurekaApplications]
2025-04-14T22:59:45.059+07:00 DEBUG 29916 --- [auth-service] [DiscoveryClient-HeartbeatExecutor-%d] o.s.web.client.RestTemplate              : Response 200 OK
2025-04-14T23:00:15.047+07:00 DEBUG 29916 --- [auth-service] [DiscoveryClient-CacheRefreshExecutor-%d] o.s.web.client.RestTemplate              : HTTP GET http://localhost:8761/eureka/apps/delta
2025-04-14T23:00:15.048+07:00 DEBUG 29916 --- [auth-service] [DiscoveryClient-CacheRefreshExecutor-%d] o.s.web.client.RestTemplate              : Accept=[application/json, application/yaml, application/xml, text/xml, application/*+json, application/*+xml]
2025-04-14T23:00:15.063+07:00 DEBUG 29916 --- [auth-service] [DiscoveryClient-HeartbeatExecutor-%d] o.s.web.client.RestTemplate              : HTTP PUT http://localhost:8761/eureka/apps/AUTH-SERVICE/localhost:auth-service:8002?status=UP&lastDirtyTimestamp=1744646054762
2025-04-14T23:00:15.064+07:00 DEBUG 29916 --- [auth-service] [DiscoveryClient-HeartbeatExecutor-%d] o.s.web.client.RestTemplate              : Accept=[application/json, application/yaml, application/xml, text/xml, application/*+json, application/*+xml]
2025-04-14T23:00:15.067+07:00 DEBUG 29916 --- [auth-service] [DiscoveryClient-CacheRefreshExecutor-%d] o.s.web.client.RestTemplate              : Response 200 OK
2025-04-14T23:00:15.067+07:00 DEBUG 29916 --- [auth-service] [DiscoveryClient-CacheRefreshExecutor-%d] o.s.web.client.RestTemplate              : Reading to [org.springframework.cloud.netflix.eureka.http.EurekaApplications]
2025-04-14T23:00:15.083+07:00 DEBUG 29916 --- [auth-service] [DiscoveryClient-HeartbeatExecutor-%d] o.s.web.client.RestTemplate              : Response 200 OK
2025-04-14T23:00:45.079+07:00 DEBUG 29916 --- [auth-service] [DiscoveryClient-CacheRefreshExecutor-%d] o.s.web.client.RestTemplate              : HTTP GET http://localhost:8761/eureka/apps/delta
2025-04-14T23:00:45.079+07:00 DEBUG 29916 --- [auth-service] [DiscoveryClient-CacheRefreshExecutor-%d] o.s.web.client.RestTemplate              : Accept=[application/json, application/yaml, application/xml, text/xml, application/*+json, application/*+xml]
2025-04-14T23:00:45.094+07:00 DEBUG 29916 --- [auth-service] [DiscoveryClient-HeartbeatExecutor-%d] o.s.web.client.RestTemplate              : HTTP PUT http://localhost:8761/eureka/apps/AUTH-SERVICE/localhost:auth-service:8002?status=UP&lastDirtyTimestamp=1744646054762
2025-04-14T23:00:45.094+07:00 DEBUG 29916 --- [auth-service] [DiscoveryClient-HeartbeatExecutor-%d] o.s.web.client.RestTemplate              : Accept=[application/json, application/yaml, application/xml, text/xml, application/*+json, application/*+xml]
2025-04-14T23:00:45.097+07:00 DEBUG 29916 --- [auth-service] [DiscoveryClient-CacheRefreshExecutor-%d] o.s.web.client.RestTemplate              : Response 200 OK
2025-04-14T23:00:45.097+07:00 DEBUG 29916 --- [auth-service] [DiscoveryClient-CacheRefreshExecutor-%d] o.s.web.client.RestTemplate              : Reading to [org.springframework.cloud.netflix.eureka.http.EurekaApplications]
2025-04-14T23:00:45.112+07:00 DEBUG 29916 --- [auth-service] [DiscoveryClient-HeartbeatExecutor-%d] o.s.web.client.RestTemplate              : Response 200 OK
2025-04-14T23:01:15.101+07:00 DEBUG 29916 --- [auth-service] [DiscoveryClient-CacheRefreshExecutor-%d] o.s.web.client.RestTemplate              : HTTP GET http://localhost:8761/eureka/apps/delta
2025-04-14T23:01:15.101+07:00 DEBUG 29916 --- [auth-service] [DiscoveryClient-CacheRefreshExecutor-%d] o.s.web.client.RestTemplate              : Accept=[application/json, application/yaml, application/xml, text/xml, application/*+json, application/*+xml]
2025-04-14T23:01:15.116+07:00 DEBUG 29916 --- [auth-service] [DiscoveryClient-HeartbeatExecutor-%d] o.s.web.client.RestTemplate              : HTTP PUT http://localhost:8761/eureka/apps/AUTH-SERVICE/localhost:auth-service:8002?status=UP&lastDirtyTimestamp=1744646054762
2025-04-14T23:01:15.117+07:00 DEBUG 29916 --- [auth-service] [DiscoveryClient-HeartbeatExecutor-%d] o.s.web.client.RestTemplate              : Accept=[application/json, application/yaml, application/xml, text/xml, application/*+json, application/*+xml]
2025-04-14T23:01:15.121+07:00 DEBUG 29916 --- [auth-service] [DiscoveryClient-CacheRefreshExecutor-%d] o.s.web.client.RestTemplate              : Response 200 OK
2025-04-14T23:01:15.121+07:00 DEBUG 29916 --- [auth-service] [DiscoveryClient-CacheRefreshExecutor-%d] o.s.web.client.RestTemplate              : Reading to [org.springframework.cloud.netflix.eureka.http.EurekaApplications]
2025-04-14T23:01:15.136+07:00 DEBUG 29916 --- [auth-service] [DiscoveryClient-HeartbeatExecutor-%d] o.s.web.client.RestTemplate              : Response 200 OK
2025-04-14T23:01:45.137+07:00 DEBUG 29916 --- [auth-service] [DiscoveryClient-CacheRefreshExecutor-%d] o.s.web.client.RestTemplate              : HTTP GET http://localhost:8761/eureka/apps/delta
2025-04-14T23:01:45.137+07:00 DEBUG 29916 --- [auth-service] [DiscoveryClient-CacheRefreshExecutor-%d] o.s.web.client.RestTemplate              : Accept=[application/json, application/yaml, application/xml, text/xml, application/*+json, application/*+xml]
2025-04-14T23:01:45.152+07:00 DEBUG 29916 --- [auth-service] [DiscoveryClient-HeartbeatExecutor-%d] o.s.web.client.RestTemplate              : HTTP PUT http://localhost:8761/eureka/apps/AUTH-SERVICE/localhost:auth-service:8002?status=UP&lastDirtyTimestamp=1744646054762
2025-04-14T23:01:45.153+07:00 DEBUG 29916 --- [auth-service] [DiscoveryClient-HeartbeatExecutor-%d] o.s.web.client.RestTemplate              : Accept=[application/json, application/yaml, application/xml, text/xml, application/*+json, application/*+xml]
2025-04-14T23:01:45.157+07:00 DEBUG 29916 --- [auth-service] [DiscoveryClient-CacheRefreshExecutor-%d] o.s.web.client.RestTemplate              : Response 200 OK
2025-04-14T23:01:45.157+07:00 DEBUG 29916 --- [auth-service] [DiscoveryClient-CacheRefreshExecutor-%d] o.s.web.client.RestTemplate              : Reading to [org.springframework.cloud.netflix.eureka.http.EurekaApplications]
2025-04-14T23:01:45.172+07:00 DEBUG 29916 --- [auth-service] [DiscoveryClient-HeartbeatExecutor-%d] o.s.web.client.RestTemplate              : Response 200 OK
2025-04-14T23:02:15.171+07:00 DEBUG 29916 --- [auth-service] [DiscoveryClient-CacheRefreshExecutor-%d] o.s.web.client.RestTemplate              : HTTP GET http://localhost:8761/eureka/apps/delta
2025-04-14T23:02:15.172+07:00 DEBUG 29916 --- [auth-service] [DiscoveryClient-CacheRefreshExecutor-%d] o.s.web.client.RestTemplate              : Accept=[application/json, application/yaml, application/xml, text/xml, application/*+json, application/*+xml]
2025-04-14T23:02:15.186+07:00 DEBUG 29916 --- [auth-service] [DiscoveryClient-HeartbeatExecutor-%d] o.s.web.client.RestTemplate              : HTTP PUT http://localhost:8761/eureka/apps/AUTH-SERVICE/localhost:auth-service:8002?status=UP&lastDirtyTimestamp=1744646054762
2025-04-14T23:02:15.187+07:00 DEBUG 29916 --- [auth-service] [DiscoveryClient-HeartbeatExecutor-%d] o.s.web.client.RestTemplate              : Accept=[application/json, application/yaml, application/xml, text/xml, application/*+json, application/*+xml]
2025-04-14T23:02:15.189+07:00 DEBUG 29916 --- [auth-service] [DiscoveryClient-CacheRefreshExecutor-%d] o.s.web.client.RestTemplate              : Response 200 OK
2025-04-14T23:02:15.189+07:00 DEBUG 29916 --- [auth-service] [DiscoveryClient-CacheRefreshExecutor-%d] o.s.web.client.RestTemplate              : Reading to [org.springframework.cloud.netflix.eureka.http.EurekaApplications]
2025-04-14T23:02:15.205+07:00 DEBUG 29916 --- [auth-service] [DiscoveryClient-HeartbeatExecutor-%d] o.s.web.client.RestTemplate              : Response 200 OK
2025-04-14T23:02:36.195+07:00  INFO 29916 --- [auth-service] [File Watcher] rtingClassPathChangeChangedEventListener : Restarting due to 1 class path change (0 additions, 0 deletions, 1 modification)
2025-04-14T23:02:36.197+07:00  INFO 29916 --- [auth-service] [Thread-1] o.s.c.n.e.s.EurekaServiceRegistry        : Unregistering application AUTH-SERVICE with eureka with status DOWN
2025-04-14T23:02:36.197+07:00  INFO 29916 --- [auth-service] [Thread-1] com.netflix.discovery.DiscoveryClient    : Saw local status change event StatusChangeEvent [timestamp=1744646556197, current=DOWN, previous=UP]
2025-04-14T23:02:36.198+07:00  INFO 29916 --- [auth-service] [DiscoveryClient-InstanceInfoReplicator-%d] com.netflix.discovery.DiscoveryClient    : DiscoveryClient_AUTH-SERVICE/localhost:auth-service:8002: registering service...
2025-04-14T23:02:36.198+07:00 DEBUG 29916 --- [auth-service] [DiscoveryClient-InstanceInfoReplicator-%d] o.s.web.client.RestTemplate              : HTTP POST http://localhost:8761/eureka/apps/AUTH-SERVICE
2025-04-14T23:02:36.198+07:00 DEBUG 29916 --- [auth-service] [DiscoveryClient-InstanceInfoReplicator-%d] o.s.web.client.RestTemplate              : Accept=[application/json, application/yaml, application/xml, text/xml, application/*+json, application/*+xml]
2025-04-14T23:02:36.198+07:00 DEBUG 29916 --- [auth-service] [DiscoveryClient-InstanceInfoReplicator-%d] o.s.web.client.RestTemplate              : Writing [InstanceInfo [instanceId = localhost:auth-service:8002, appName = AUTH-SERVICE, hostName = localhost, status = DOWN, ipAddr = 192.168.56.1, port = 8002, securePort = 443, dataCenterInfo = com.netflix.appinfo.MyDataCenterInfo@51817e27] as "application/json"
2025-04-14T23:02:36.200+07:00  INFO 29916 --- [auth-service] [Thread-1] o.s.b.w.e.tomcat.GracefulShutdown        : Commencing graceful shutdown. Waiting for active requests to complete
2025-04-14T23:02:36.207+07:00  INFO 29916 --- [auth-service] [tomcat-shutdown] o.s.b.w.e.tomcat.GracefulShutdown        : Graceful shutdown complete
2025-04-14T23:02:36.209+07:00 DEBUG 29916 --- [auth-service] [DiscoveryClient-InstanceInfoReplicator-%d] o.s.web.client.RestTemplate              : Response 204 NO_CONTENT
2025-04-14T23:02:36.210+07:00  INFO 29916 --- [auth-service] [DiscoveryClient-InstanceInfoReplicator-%d] com.netflix.discovery.DiscoveryClient    : DiscoveryClient_AUTH-SERVICE/localhost:auth-service:8002 - registration status: 204
2025-04-14T23:02:36.213+07:00  INFO 29916 --- [auth-service] [Thread-1] j.LocalContainerEntityManagerFactoryBean : Closing JPA EntityManagerFactory for persistence unit 'default'
2025-04-14T23:02:36.216+07:00  INFO 29916 --- [auth-service] [Thread-1] com.zaxxer.hikari.HikariDataSource       : HikariPool-1 - Shutdown initiated...
2025-04-14T23:02:36.219+07:00  INFO 29916 --- [auth-service] [Thread-1] com.zaxxer.hikari.HikariDataSource       : HikariPool-1 - Shutdown completed.
2025-04-14T23:02:36.220+07:00  INFO 29916 --- [auth-service] [Thread-1] com.netflix.discovery.DiscoveryClient    : Shutting down DiscoveryClient ...
2025-04-14T23:02:39.235+07:00  INFO 29916 --- [auth-service] [Thread-1] com.netflix.discovery.DiscoveryClient    : Unregistering ...
2025-04-14T23:02:39.236+07:00 DEBUG 29916 --- [auth-service] [Thread-1] o.s.web.client.RestTemplate              : HTTP DELETE http://localhost:8761/eureka/apps/AUTH-SERVICE/localhost:auth-service:8002
2025-04-14T23:02:39.236+07:00 DEBUG 29916 --- [auth-service] [Thread-1] o.s.web.client.RestTemplate              : Accept=[application/json, application/yaml, application/xml, text/xml, application/*+json, application/*+xml]
2025-04-14T23:02:39.252+07:00 DEBUG 29916 --- [auth-service] [Thread-1] o.s.web.client.RestTemplate              : Response 200 OK
2025-04-14T23:02:39.253+07:00  INFO 29916 --- [auth-service] [Thread-1] com.netflix.discovery.DiscoveryClient    : DiscoveryClient_AUTH-SERVICE/localhost:auth-service:8002 - deregister  status: 200
2025-04-14T23:02:39.253+07:00  INFO 29916 --- [auth-service] [Thread-1] com.netflix.discovery.DiscoveryClient    : Completed shut down of DiscoveryClient
2025-04-14T23:02:40.431+07:00  INFO 29916 --- [auth-service] [restartedMain] b.authservice.AuthServiceApplication     : Starting AuthServiceApplication using Java 21.0.1 with PID 29916 (C:\Users\PC\Documents\HKI_Nam04\SoftwareArchitectureAndDesign\Documents\TeamWork\Nhom08_SoftwareArchitecture_BE\auth-service\target\classes started by PC in C:\Users\PC\Documents\HKI_Nam04\SoftwareArchitectureAndDesign\Documents\TeamWork\Nhom08_SoftwareArchitecture_BE\auth-service)
2025-04-14T23:02:40.432+07:00  INFO 29916 --- [auth-service] [restartedMain] b.authservice.AuthServiceApplication     : No active profile set, falling back to 1 default profile: "default"
2025-04-14T23:02:40.720+07:00  INFO 29916 --- [auth-service] [restartedMain] .s.d.r.c.RepositoryConfigurationDelegate : Bootstrapping Spring Data JPA repositories in DEFAULT mode.
2025-04-14T23:02:40.739+07:00  INFO 29916 --- [auth-service] [restartedMain] .s.d.r.c.RepositoryConfigurationDelegate : Finished Spring Data repository scanning in 18 ms. Found 1 JPA repository interface.
2025-04-14T23:02:40.868+07:00  INFO 29916 --- [auth-service] [restartedMain] o.s.cloud.context.scope.GenericScope     : BeanFactory id=ec421012-f1d1-3edf-b59f-e473e886863f
2025-04-14T23:02:40.972+07:00  INFO 29916 --- [auth-service] [restartedMain] o.s.b.w.embedded.tomcat.TomcatWebServer  : Tomcat initialized with port 8002 (http)
2025-04-14T23:02:40.973+07:00  INFO 29916 --- [auth-service] [restartedMain] o.apache.catalina.core.StandardService   : Starting service [Tomcat]
2025-04-14T23:02:40.973+07:00  INFO 29916 --- [auth-service] [restartedMain] o.apache.catalina.core.StandardEngine    : Starting Servlet engine: [Apache Tomcat/10.1.34]
2025-04-14T23:02:41.013+07:00  INFO 29916 --- [auth-service] [restartedMain] o.a.c.c.C.[Tomcat].[localhost].[/]       : Initializing Spring embedded WebApplicationContext
2025-04-14T23:02:41.014+07:00  INFO 29916 --- [auth-service] [restartedMain] w.s.c.ServletWebServerApplicationContext : Root WebApplicationContext: initialization completed in 580 ms
2025-04-14T23:02:41.072+07:00  INFO 29916 --- [auth-service] [restartedMain] o.s.o.j.p.SpringPersistenceUnitInfo      : No LoadTimeWeaver setup: ignoring JPA class transformer
2025-04-14T23:02:41.073+07:00  INFO 29916 --- [auth-service] [restartedMain] com.zaxxer.hikari.HikariDataSource       : HikariPool-2 - Starting...
2025-04-14T23:02:41.078+07:00  INFO 29916 --- [auth-service] [restartedMain] com.zaxxer.hikari.pool.HikariPool        : HikariPool-2 - Added connection org.mariadb.jdbc.Connection@1ddf01df
2025-04-14T23:02:41.079+07:00  INFO 29916 --- [auth-service] [restartedMain] com.zaxxer.hikari.HikariDataSource       : HikariPool-2 - Start completed.
2025-04-14T23:02:41.136+07:00  INFO 29916 --- [auth-service] [restartedMain] j.LocalContainerEntityManagerFactoryBean : Initialized JPA EntityManagerFactory for persistence unit 'default'
2025-04-14T23:02:41.185+07:00  WARN 29916 --- [auth-service] [restartedMain] o.s.aop.framework.CglibAopProxy          : Unable to proxy interface-implementing method [public final void org.springframework.web.filter.OncePerRequestFilter.doFilter(jakarta.servlet.ServletRequest,jakarta.servlet.ServletResponse,jakarta.servlet.FilterChain) throws jakarta.servlet.ServletException,java.io.IOException] because it is marked as final, consider using interface-based JDK proxies instead.
2025-04-14T23:02:41.185+07:00  WARN 29916 --- [auth-service] [restartedMain] o.s.aop.framework.CglibAopProxy          : Unable to proxy interface-implementing method [public final void org.springframework.web.filter.GenericFilterBean.init(jakarta.servlet.FilterConfig) throws jakarta.servlet.ServletException] because it is marked as final, consider using interface-based JDK proxies instead.
2025-04-14T23:02:41.245+07:00  INFO 29916 --- [auth-service] [restartedMain] eAuthenticationProviderManagerConfigurer : Global AuthenticationManager configured with AuthenticationProvider bean with name authenticationProvider
2025-04-14T23:02:41.246+07:00  WARN 29916 --- [auth-service] [restartedMain] r$InitializeUserDetailsManagerConfigurer : Global AuthenticationManager configured with an AuthenticationProvider bean. UserDetailsService beans will not be used by Spring Security for automatically configuring username/password login. Consider removing the AuthenticationProvider bean. Alternatively, consider using the UserDetailsService in a manually instantiated DaoAuthenticationProvider. If the current configuration is intentional, to turn off this warning, increase the logging level of 'org.springframework.security.config.annotation.authentication.configuration.InitializeUserDetailsBeanManagerConfigurer' to ERROR
2025-04-14T23:02:41.249+07:00  WARN 29916 --- [auth-service] [restartedMain] ConfigServletWebServerApplicationContext : Exception encountered during context initialization - cancelling refresh attempt: org.springframework.beans.factory.UnsatisfiedDependencyException: Error creating bean with name 'authController' defined in file [C:\Users\PC\Documents\HKI_Nam04\SoftwareArchitectureAndDesign\Documents\TeamWork\Nhom08_SoftwareArchitecture_BE\auth-service\target\classes\bookstore\authservice\controllers\AuthController.class]: Unsatisfied dependency expressed through constructor parameter 2: Error creating bean with name 'otpServiceImpl': Injection of autowired dependencies failed
2025-04-14T23:02:41.249+07:00  INFO 29916 --- [auth-service] [restartedMain] j.LocalContainerEntityManagerFactoryBean : Closing JPA EntityManagerFactory for persistence unit 'default'
2025-04-14T23:02:41.249+07:00  INFO 29916 --- [auth-service] [restartedMain] com.zaxxer.hikari.HikariDataSource       : HikariPool-2 - Shutdown initiated...
2025-04-14T23:02:41.282+07:00  INFO 29916 --- [auth-service] [restartedMain] com.zaxxer.hikari.HikariDataSource       : HikariPool-2 - Shutdown completed.
2025-04-14T23:02:41.282+07:00  INFO 29916 --- [auth-service] [restartedMain] o.apache.catalina.core.StandardService   : Stopping service [Tomcat]
2025-04-14T23:02:41.288+07:00  INFO 29916 --- [auth-service] [restartedMain] .s.b.a.l.ConditionEvaluationReportLogger : 

Error starting ApplicationContext. To display the condition evaluation report re-run your application with 'debug' enabled.
2025-04-14T23:02:41.310+07:00 ERROR 29916 --- [auth-service] [restartedMain] o.s.boot.SpringApplication               : Application run failed

org.springframework.beans.factory.UnsatisfiedDependencyException: Error creating bean with name 'authController' defined in file [C:\Users\PC\Documents\HKI_Nam04\SoftwareArchitectureAndDesign\Documents\TeamWork\Nhom08_SoftwareArchitecture_BE\auth-service\target\classes\bookstore\authservice\controllers\AuthController.class]: Unsatisfied dependency expressed through constructor parameter 2: Error creating bean with name 'otpServiceImpl': Injection of autowired dependencies failed
	at org.springframework.beans.factory.support.ConstructorResolver.createArgumentArray(ConstructorResolver.java:804)
	at org.springframework.beans.factory.support.ConstructorResolver.autowireConstructor(ConstructorResolver.java:240)
	at org.springframework.beans.factory.support.AbstractAutowireCapableBeanFactory.autowireConstructor(AbstractAutowireCapableBeanFactory.java:1377)
	at org.springframework.beans.factory.support.AbstractAutowireCapableBeanFactory.createBeanInstance(AbstractAutowireCapableBeanFactory.java:1214)
	at org.springframework.beans.factory.support.AbstractAutowireCapableBeanFactory.doCreateBean(AbstractAutowireCapableBeanFactory.java:563)
	at org.springframework.beans.factory.support.AbstractAutowireCapableBeanFactory.createBean(AbstractAutowireCapableBeanFactory.java:523)
	at org.springframework.beans.factory.support.AbstractBeanFactory.lambda$doGetBean$0(AbstractBeanFactory.java:336)
	at org.springframework.beans.factory.support.DefaultSingletonBeanRegistry.getSingleton(DefaultSingletonBeanRegistry.java:289)
	at org.springframework.beans.factory.support.AbstractBeanFactory.doGetBean(AbstractBeanFactory.java:334)
	at org.springframework.beans.factory.support.AbstractBeanFactory.getBean(AbstractBeanFactory.java:199)
	at org.springframework.beans.factory.support.DefaultListableBeanFactory.instantiateSingleton(DefaultListableBeanFactory.java:1122)
	at org.springframework.beans.factory.support.DefaultListableBeanFactory.preInstantiateSingleton(DefaultListableBeanFactory.java:1093)
	at org.springframework.beans.factory.support.DefaultListableBeanFactory.preInstantiateSingletons(DefaultListableBeanFactory.java:1030)
	at org.springframework.context.support.AbstractApplicationContext.finishBeanFactoryInitialization(AbstractApplicationContext.java:987)
	at org.springframework.context.support.AbstractApplicationContext.refresh(AbstractApplicationContext.java:627)
	at org.springframework.boot.web.servlet.context.ServletWebServerApplicationContext.refresh(ServletWebServerApplicationContext.java:146)
	at org.springframework.boot.SpringApplication.refresh(SpringApplication.java:752)
	at org.springframework.boot.SpringApplication.refreshContext(SpringApplication.java:439)
	at org.springframework.boot.SpringApplication.run(SpringApplication.java:318)
	at org.springframework.boot.SpringApplication.run(SpringApplication.java:1361)
	at org.springframework.boot.SpringApplication.run(SpringApplication.java:1350)
	at bookstore.authservice.AuthServiceApplication.main(AuthServiceApplication.java:21)
	at java.base/jdk.internal.reflect.DirectMethodHandleAccessor.invoke(DirectMethodHandleAccessor.java:103)
	at java.base/java.lang.reflect.Method.invoke(Method.java:580)
	at org.springframework.boot.devtools.restart.RestartLauncher.run(RestartLauncher.java:50)
Caused by: org.springframework.beans.factory.BeanCreationException: Error creating bean with name 'otpServiceImpl': Injection of autowired dependencies failed
	at org.springframework.beans.factory.annotation.AutowiredAnnotationBeanPostProcessor.postProcessProperties(AutowiredAnnotationBeanPostProcessor.java:515)
	at org.springframework.beans.factory.support.AbstractAutowireCapableBeanFactory.populateBean(AbstractAutowireCapableBeanFactory.java:1441)
	at org.springframework.beans.factory.support.AbstractAutowireCapableBeanFactory.doCreateBean(AbstractAutowireCapableBeanFactory.java:600)
	at org.springframework.beans.factory.support.AbstractAutowireCapableBeanFactory.createBean(AbstractAutowireCapableBeanFactory.java:523)
	at org.springframework.beans.factory.support.AbstractBeanFactory.lambda$doGetBean$0(AbstractBeanFactory.java:336)
	at org.springframework.beans.factory.support.DefaultSingletonBeanRegistry.getSingleton(DefaultSingletonBeanRegistry.java:289)
	at org.springframework.beans.factory.support.AbstractBeanFactory.doGetBean(AbstractBeanFactory.java:334)
	at org.springframework.beans.factory.support.AbstractBeanFactory.getBean(AbstractBeanFactory.java:199)
	at org.springframework.beans.factory.config.DependencyDescriptor.resolveCandidate(DependencyDescriptor.java:254)
	at org.springframework.beans.factory.support.DefaultListableBeanFactory.doResolveDependency(DefaultListableBeanFactory.java:1631)
	at org.springframework.beans.factory.support.DefaultListableBeanFactory.resolveDependency(DefaultListableBeanFactory.java:1519)
	at org.springframework.beans.factory.support.ConstructorResolver.resolveAutowiredArgument(ConstructorResolver.java:913)
	at org.springframework.beans.factory.support.ConstructorResolver.createArgumentArray(ConstructorResolver.java:791)
	... 24 common frames omitted
Caused by: org.springframework.util.PlaceholderResolutionException: Could not resolve placeholder 'twilio.accountSid' in value "${twilio.accountSid}"
	at org.springframework.util.PlaceholderResolutionException.withValue(PlaceholderResolutionException.java:81)
	at org.springframework.util.PlaceholderParser$ParsedValue.resolve(PlaceholderParser.java:416)
	at org.springframework.util.PlaceholderParser.replacePlaceholders(PlaceholderParser.java:128)
	at org.springframework.util.PropertyPlaceholderHelper.parseStringValue(PropertyPlaceholderHelper.java:118)
	at org.springframework.util.PropertyPlaceholderHelper.replacePlaceholders(PropertyPlaceholderHelper.java:114)
	at org.springframework.core.env.AbstractPropertyResolver.doResolvePlaceholders(AbstractPropertyResolver.java:255)
	at org.springframework.core.env.AbstractPropertyResolver.resolveRequiredPlaceholders(AbstractPropertyResolver.java:226)
	at org.springframework.context.support.PropertySourcesPlaceholderConfigurer.lambda$processProperties$0(PropertySourcesPlaceholderConfigurer.java:201)
	at org.springframework.beans.factory.support.AbstractBeanFactory.resolveEmbeddedValue(AbstractBeanFactory.java:963)
	at org.springframework.beans.factory.support.DefaultListableBeanFactory.doResolveDependency(DefaultListableBeanFactory.java:1541)
	at org.springframework.beans.factory.support.DefaultListableBeanFactory.resolveDependency(DefaultListableBeanFactory.java:1519)
	at org.springframework.beans.factory.annotation.AutowiredAnnotationBeanPostProcessor$AutowiredFieldElement.resolveFieldValue(AutowiredAnnotationBeanPostProcessor.java:785)
	at org.springframework.beans.factory.annotation.AutowiredAnnotationBeanPostProcessor$AutowiredFieldElement.inject(AutowiredAnnotationBeanPostProcessor.java:768)
	at org.springframework.beans.factory.annotation.InjectionMetadata.inject(InjectionMetadata.java:146)
	at org.springframework.beans.factory.annotation.AutowiredAnnotationBeanPostProcessor.postProcessProperties(AutowiredAnnotationBeanPostProcessor.java:509)
	... 36 common frames omitted

